{"C:\\Users\\tejas\\Desktop\\Projects\\Joya\\schema.js": {"path":"C:\\Users\\tejas\\Desktop\\Projects\\Joya\\schema.js","statementMap":{"0":{"start":{"line":1,"column":12},"end":{"line":1,"column":26}},"1":{"start":{"line":2,"column":41},"end":{"line":2,"column":69}},"2":{"start":{"line":4,"column":0},"end":{"line":23,"column":3}},"3":{"start":{"line":25,"column":0},"end":{"line":30,"column":3}},"4":{"start":{"line":32,"column":0},"end":{"line":45,"column":3}},"5":{"start":{"line":47,"column":0},"end":{"line":55,"column":3}},"6":{"start":{"line":57,"column":0},"end":{"line":63,"column":3}},"7":{"start":{"line":65,"column":0},"end":{"line":96,"column":3}},"8":{"start":{"line":68,"column":20},"end":{"line":68,"column":30}},"9":{"start":{"line":69,"column":6},"end":{"line":69,"column":33}},"10":{"start":{"line":70,"column":23},"end":{"line":70,"column":38}},"11":{"start":{"line":71,"column":6},"end":{"line":71,"column":47}},"12":{"start":{"line":73,"column":26},"end":{"line":73,"column":41}},"13":{"start":{"line":74,"column":6},"end":{"line":74,"column":39}},"14":{"start":{"line":76,"column":6},"end":{"line":78,"column":7}},"15":{"start":{"line":77,"column":8},"end":{"line":77,"column":41}},"16":{"start":{"line":79,"column":6},"end":{"line":79,"column":19}},"17":{"start":{"line":98,"column":0},"end":{"line":118,"column":3}}},"fnMap":{"0":{"name":"(anonymous_0)","decl":{"start":{"line":67,"column":12},"end":{"line":67,"column":13}},"loc":{"start":{"line":67,"column":32},"end":{"line":80,"column":5}},"line":67}},"branchMap":{"0":{"loc":{"start":{"line":76,"column":6},"end":{"line":78,"column":7}},"type":"if","locations":[{"start":{"line":76,"column":6},"end":{"line":78,"column":7}},{"start":{},"end":{}}],"line":76}},"s":{"0":1,"1":1,"2":1,"3":1,"4":1,"5":1,"6":1,"7":1,"8":0,"9":0,"10":0,"11":0,"12":0,"13":0,"14":0,"15":0,"16":0,"17":1},"f":{"0":0},"b":{"0":[0,0]},"_coverageSchema":"1a1c01bbd47fc00a2c39e90264f33305004495a9","hash":"b077a80fd39c8cbf7b074b06fea0ca92fca59dde"}
,"C:\\Users\\tejas\\Desktop\\Projects\\Joya\\utils\\ExpressError.js": {"path":"C:\\Users\\tejas\\Desktop\\Projects\\Joya\\utils\\ExpressError.js","statementMap":{"0":{"start":{"line":3,"column":8},"end":{"line":3,"column":16}},"1":{"start":{"line":4,"column":8},"end":{"line":4,"column":35}},"2":{"start":{"line":5,"column":8},"end":{"line":5,"column":29}},"3":{"start":{"line":8,"column":0},"end":{"line":8,"column":28}}},"fnMap":{"0":{"name":"(anonymous_0)","decl":{"start":{"line":2,"column":4},"end":{"line":2,"column":5}},"loc":{"start":{"line":2,"column":35},"end":{"line":6,"column":5}},"line":2}},"branchMap":{},"s":{"0":1,"1":1,"2":1,"3":1},"f":{"0":1},"b":{},"_coverageSchema":"1a1c01bbd47fc00a2c39e90264f33305004495a9","hash":"f2738fdf00546d4a8c09e8640193bc6302344eff"}
,"C:\\Users\\tejas\\Desktop\\Projects\\Joya\\utils\\constants.js": {"path":"C:\\Users\\tejas\\Desktop\\Projects\\Joya\\utils\\constants.js","statementMap":{"0":{"start":{"line":1,"column":0},"end":{"line":15,"column":2}},"1":{"start":{"line":17,"column":22},"end":{"line":31,"column":1}},"2":{"start":{"line":33,"column":21},"end":{"line":45,"column":1}},"3":{"start":{"line":47,"column":22},"end":{"line":58,"column":1}},"4":{"start":{"line":61,"column":0},"end":{"line":66,"column":2}}},"fnMap":{},"branchMap":{},"s":{"0":1,"1":1,"2":1,"3":1,"4":1},"f":{},"b":{},"_coverageSchema":"1a1c01bbd47fc00a2c39e90264f33305004495a9","hash":"aa063c334e7950686e0ec875df4b2362647c7b0b"}
,"C:\\Users\\tejas\\Desktop\\Projects\\Joya\\utils\\review.js": {"path":"C:\\Users\\tejas\\Desktop\\Projects\\Joya\\utils\\review.js","statementMap":{"0":{"start":{"line":2,"column":2},"end":{"line":2,"column":49}},"1":{"start":{"line":2,"column":40},"end":{"line":2,"column":49}},"2":{"start":{"line":3,"column":16},"end":{"line":3,"column":61}},"3":{"start":{"line":3,"column":43},"end":{"line":3,"column":57}},"4":{"start":{"line":4,"column":2},"end":{"line":4,"column":32}},"5":{"start":{"line":8,"column":20},"end":{"line":8,"column":52}},"6":{"start":{"line":9,"column":2},"end":{"line":9,"column":33}},"7":{"start":{"line":9,"column":16},"end":{"line":9,"column":33}},"8":{"start":{"line":11,"column":2},"end":{"line":15,"column":3}},"9":{"start":{"line":12,"column":4},"end":{"line":14,"column":5}},"10":{"start":{"line":13,"column":6},"end":{"line":13,"column":33}},"11":{"start":{"line":16,"column":2},"end":{"line":16,"column":19}},"12":{"start":{"line":19,"column":0},"end":{"line":22,"column":2}}},"fnMap":{"0":{"name":"getAvgRating","decl":{"start":{"line":1,"column":9},"end":{"line":1,"column":21}},"loc":{"start":{"line":1,"column":31},"end":{"line":5,"column":1}},"line":1},"1":{"name":"(anonymous_1)","decl":{"start":{"line":3,"column":31},"end":{"line":3,"column":32}},"loc":{"start":{"line":3,"column":43},"end":{"line":3,"column":57}},"line":3},"2":{"name":"getStarBreakdown","decl":{"start":{"line":7,"column":9},"end":{"line":7,"column":25}},"loc":{"start":{"line":7,"column":35},"end":{"line":17,"column":1}},"line":7}},"branchMap":{"0":{"loc":{"start":{"line":2,"column":2},"end":{"line":2,"column":49}},"type":"if","locations":[{"start":{"line":2,"column":2},"end":{"line":2,"column":49}},{"start":{},"end":{}}],"line":2},"1":{"loc":{"start":{"line":2,"column":6},"end":{"line":2,"column":38}},"type":"binary-expr","locations":[{"start":{"line":2,"column":6},"end":{"line":2,"column":14}},{"start":{"line":2,"column":18},"end":{"line":2,"column":38}}],"line":2},"2":{"loc":{"start":{"line":9,"column":2},"end":{"line":9,"column":33}},"type":"if","locations":[{"start":{"line":9,"column":2},"end":{"line":9,"column":33}},{"start":{},"end":{}}],"line":9},"3":{"loc":{"start":{"line":12,"column":4},"end":{"line":14,"column":5}},"type":"if","locations":[{"start":{"line":12,"column":4},"end":{"line":14,"column":5}},{"start":{},"end":{}}],"line":12}},"s":{"0":4,"1":3,"2":1,"3":3,"4":1,"5":0,"6":0,"7":0,"8":0,"9":0,"10":0,"11":0,"12":1},"f":{"0":4,"1":3,"2":0},"b":{"0":[3,1],"1":[4,2],"2":[0,0],"3":[0,0]},"_coverageSchema":"1a1c01bbd47fc00a2c39e90264f33305004495a9","hash":"3fedfa66ba484a60fb97fb5e57b953faf729aaf9"}
,"C:\\Users\\tejas\\Desktop\\Projects\\Joya\\utils\\searchAnalytics.js": {"path":"C:\\Users\\tejas\\Desktop\\Projects\\Joya\\utils\\searchAnalytics.js","statementMap":{"0":{"start":{"line":4,"column":11},"end":{"line":4,"column":33}},"1":{"start":{"line":5,"column":13},"end":{"line":5,"column":28}},"2":{"start":{"line":9,"column":4},"end":{"line":9,"column":73}},"3":{"start":{"line":10,"column":4},"end":{"line":16,"column":6}},"4":{"start":{"line":17,"column":4},"end":{"line":17,"column":25}},"5":{"start":{"line":21,"column":4},"end":{"line":27,"column":5}},"6":{"start":{"line":22,"column":19},"end":{"line":22,"column":58}},"7":{"start":{"line":23,"column":6},"end":{"line":23,"column":66}},"8":{"start":{"line":26,"column":6},"end":{"line":26,"column":56}},"9":{"start":{"line":31,"column":4},"end":{"line":39,"column":5}},"10":{"start":{"line":33,"column":22},"end":{"line":33,"column":48}},"11":{"start":{"line":34,"column":6},"end":{"line":34,"column":51}},"12":{"start":{"line":36,"column":6},"end":{"line":36,"column":80}},"13":{"start":{"line":38,"column":6},"end":{"line":38,"column":61}},"14":{"start":{"line":43,"column":4},"end":{"line":43,"column":46}},"15":{"start":{"line":43,"column":39},"end":{"line":43,"column":46}},"16":{"start":{"line":45,"column":28},"end":{"line":45,"column":54}},"17":{"start":{"line":46,"column":18},"end":{"line":46,"column":56}},"18":{"start":{"line":49,"column":4},"end":{"line":49,"column":35}},"19":{"start":{"line":52,"column":4},"end":{"line":54,"column":5}},"20":{"start":{"line":53,"column":6},"end":{"line":53,"column":57}},"21":{"start":{"line":55,"column":4},"end":{"line":55,"column":53}},"22":{"start":{"line":58,"column":4},"end":{"line":71,"column":5}},"23":{"start":{"line":59,"column":6},"end":{"line":64,"column":9}},"24":{"start":{"line":67,"column":6},"end":{"line":70,"column":7}},"25":{"start":{"line":68,"column":8},"end":{"line":69,"column":54}},"26":{"start":{"line":74,"column":4},"end":{"line":80,"column":5}},"27":{"start":{"line":75,"column":6},"end":{"line":79,"column":8}},"28":{"start":{"line":82,"column":22},"end":{"line":82,"column":56}},"29":{"start":{"line":83,"column":4},"end":{"line":83,"column":22}},"30":{"start":{"line":84,"column":4},"end":{"line":86,"column":22}},"31":{"start":{"line":87,"column":4},"end":{"line":87,"column":44}},"32":{"start":{"line":90,"column":4},"end":{"line":93,"column":35}},"33":{"start":{"line":96,"column":4},"end":{"line":96,"column":46}},"34":{"start":{"line":100,"column":4},"end":{"line":103,"column":51}},"35":{"start":{"line":101,"column":30},"end":{"line":101,"column":35}},"36":{"start":{"line":103,"column":32},"end":{"line":103,"column":48}},"37":{"start":{"line":107,"column":4},"end":{"line":107,"column":67}},"38":{"start":{"line":111,"column":19},"end":{"line":111,"column":21}},"39":{"start":{"line":112,"column":18},"end":{"line":112,"column":28}},"40":{"start":{"line":114,"column":4},"end":{"line":124,"column":5}},"41":{"start":{"line":114,"column":17},"end":{"line":114,"column":18}},"42":{"start":{"line":115,"column":19},"end":{"line":115,"column":34}},"43":{"start":{"line":116,"column":6},"end":{"line":116,"column":39}},"44":{"start":{"line":117,"column":22},"end":{"line":117,"column":54}},"45":{"start":{"line":119,"column":6},"end":{"line":123,"column":8}},"46":{"start":{"line":126,"column":4},"end":{"line":126,"column":18}},"47":{"start":{"line":130,"column":28},"end":{"line":130,"column":47}},"48":{"start":{"line":131,"column":24},"end":{"line":131,"column":26}},"49":{"start":{"line":134,"column":4},"end":{"line":144,"column":7}},"50":{"start":{"line":135,"column":6},"end":{"line":143,"column":7}},"51":{"start":{"line":139,"column":8},"end":{"line":142,"column":11}},"52":{"start":{"line":146,"column":4},"end":{"line":149,"column":27}},"53":{"start":{"line":147,"column":22},"end":{"line":147,"column":49}},"54":{"start":{"line":149,"column":18},"end":{"line":149,"column":25}},"55":{"start":{"line":153,"column":4},"end":{"line":153,"column":26}},"56":{"start":{"line":157,"column":4},"end":{"line":164,"column":6}},"57":{"start":{"line":169,"column":24},"end":{"line":169,"column":45}},"58":{"start":{"line":171,"column":0},"end":{"line":171,"column":33}}},"fnMap":{"0":{"name":"(anonymous_0)","decl":{"start":{"line":8,"column":2},"end":{"line":8,"column":3}},"loc":{"start":{"line":8,"column":16},"end":{"line":18,"column":3}},"line":8},"1":{"name":"(anonymous_1)","decl":{"start":{"line":20,"column":2},"end":{"line":20,"column":3}},"loc":{"start":{"line":20,"column":24},"end":{"line":28,"column":3}},"line":20},"2":{"name":"(anonymous_2)","decl":{"start":{"line":30,"column":2},"end":{"line":30,"column":3}},"loc":{"start":{"line":30,"column":24},"end":{"line":40,"column":3}},"line":30},"3":{"name":"(anonymous_3)","decl":{"start":{"line":42,"column":2},"end":{"line":42,"column":3}},"loc":{"start":{"line":42,"column":70},"end":{"line":97,"column":3}},"line":42},"4":{"name":"(anonymous_4)","decl":{"start":{"line":99,"column":2},"end":{"line":99,"column":3}},"loc":{"start":{"line":99,"column":33},"end":{"line":104,"column":3}},"line":99},"5":{"name":"(anonymous_5)","decl":{"start":{"line":101,"column":12},"end":{"line":101,"column":13}},"loc":{"start":{"line":101,"column":30},"end":{"line":101,"column":35}},"line":101},"6":{"name":"(anonymous_6)","decl":{"start":{"line":103,"column":11},"end":{"line":103,"column":12}},"loc":{"start":{"line":103,"column":32},"end":{"line":103,"column":48}},"line":103},"7":{"name":"(anonymous_7)","decl":{"start":{"line":106,"column":2},"end":{"line":106,"column":3}},"loc":{"start":{"line":106,"column":34},"end":{"line":108,"column":3}},"line":106},"8":{"name":"(anonymous_8)","decl":{"start":{"line":110,"column":2},"end":{"line":110,"column":3}},"loc":{"start":{"line":110,"column":28},"end":{"line":127,"column":3}},"line":110},"9":{"name":"(anonymous_9)","decl":{"start":{"line":129,"column":2},"end":{"line":129,"column":3}},"loc":{"start":{"line":129,"column":24},"end":{"line":150,"column":3}},"line":129},"10":{"name":"(anonymous_10)","decl":{"start":{"line":134,"column":55},"end":{"line":134,"column":56}},"loc":{"start":{"line":134,"column":73},"end":{"line":144,"column":5}},"line":134},"11":{"name":"(anonymous_11)","decl":{"start":{"line":147,"column":12},"end":{"line":147,"column":13}},"loc":{"start":{"line":147,"column":22},"end":{"line":147,"column":49}},"line":147},"12":{"name":"(anonymous_12)","decl":{"start":{"line":149,"column":11},"end":{"line":149,"column":12}},"loc":{"start":{"line":149,"column":18},"end":{"line":149,"column":25}},"line":149},"13":{"name":"(anonymous_13)","decl":{"start":{"line":152,"column":2},"end":{"line":152,"column":3}},"loc":{"start":{"line":152,"column":17},"end":{"line":154,"column":3}},"line":152},"14":{"name":"(anonymous_14)","decl":{"start":{"line":156,"column":2},"end":{"line":156,"column":3}},"loc":{"start":{"line":156,"column":24},"end":{"line":165,"column":3}},"line":156}},"branchMap":{"0":{"loc":{"start":{"line":42,"column":19},"end":{"line":42,"column":34}},"type":"default-arg","locations":[{"start":{"line":42,"column":33},"end":{"line":42,"column":34}}],"line":42},"1":{"loc":{"start":{"line":42,"column":36},"end":{"line":42,"column":51}},"type":"default-arg","locations":[{"start":{"line":42,"column":47},"end":{"line":42,"column":51}}],"line":42},"2":{"loc":{"start":{"line":42,"column":53},"end":{"line":42,"column":68}},"type":"default-arg","locations":[{"start":{"line":42,"column":64},"end":{"line":42,"column":68}}],"line":42},"3":{"loc":{"start":{"line":43,"column":4},"end":{"line":43,"column":46}},"type":"if","locations":[{"start":{"line":43,"column":4},"end":{"line":43,"column":46}},{"start":{},"end":{}}],"line":43},"4":{"loc":{"start":{"line":43,"column":8},"end":{"line":43,"column":37}},"type":"binary-expr","locations":[{"start":{"line":43,"column":8},"end":{"line":43,"column":14}},{"start":{"line":43,"column":18},"end":{"line":43,"column":37}}],"line":43},"5":{"loc":{"start":{"line":52,"column":4},"end":{"line":54,"column":5}},"type":"if","locations":[{"start":{"line":52,"column":4},"end":{"line":54,"column":5}},{"start":{},"end":{}}],"line":52},"6":{"loc":{"start":{"line":58,"column":4},"end":{"line":71,"column":5}},"type":"if","locations":[{"start":{"line":58,"column":4},"end":{"line":71,"column":5}},{"start":{},"end":{}}],"line":58},"7":{"loc":{"start":{"line":67,"column":6},"end":{"line":70,"column":7}},"type":"if","locations":[{"start":{"line":67,"column":6},"end":{"line":70,"column":7}},{"start":{},"end":{}}],"line":67},"8":{"loc":{"start":{"line":74,"column":4},"end":{"line":80,"column":5}},"type":"if","locations":[{"start":{"line":74,"column":4},"end":{"line":80,"column":5}},{"start":{},"end":{}}],"line":74},"9":{"loc":{"start":{"line":99,"column":21},"end":{"line":99,"column":31}},"type":"default-arg","locations":[{"start":{"line":99,"column":29},"end":{"line":99,"column":31}}],"line":99},"10":{"loc":{"start":{"line":106,"column":22},"end":{"line":106,"column":32}},"type":"default-arg","locations":[{"start":{"line":106,"column":30},"end":{"line":106,"column":32}}],"line":106},"11":{"loc":{"start":{"line":110,"column":18},"end":{"line":110,"column":26}},"type":"default-arg","locations":[{"start":{"line":110,"column":25},"end":{"line":110,"column":26}}],"line":110},"12":{"loc":{"start":{"line":119,"column":24},"end":{"line":123,"column":7}},"type":"binary-expr","locations":[{"start":{"line":119,"column":24},"end":{"line":119,"column":60}},{"start":{"line":119,"column":64},"end":{"line":123,"column":7}}],"line":119},"13":{"loc":{"start":{"line":135,"column":6},"end":{"line":143,"column":7}},"type":"if","locations":[{"start":{"line":135,"column":6},"end":{"line":143,"column":7}},{"start":{},"end":{}}],"line":135},"14":{"loc":{"start":{"line":136,"column":8},"end":{"line":137,"column":46}},"type":"binary-expr","locations":[{"start":{"line":136,"column":8},"end":{"line":136,"column":46}},{"start":{"line":137,"column":8},"end":{"line":137,"column":46}}],"line":136}},"s":{"0":1,"1":1,"2":1,"3":1,"4":1,"5":1,"6":1,"7":0,"8":0,"9":1,"10":1,"11":1,"12":0,"13":0,"14":1,"15":0,"16":1,"17":1,"18":1,"19":1,"20":1,"21":1,"22":1,"23":0,"24":0,"25":0,"26":1,"27":1,"28":1,"29":1,"30":1,"31":1,"32":1,"33":1,"34":0,"35":0,"36":0,"37":0,"38":0,"39":0,"40":0,"41":0,"42":0,"43":0,"44":0,"45":0,"46":0,"47":0,"48":0,"49":0,"50":0,"51":0,"52":0,"53":0,"54":0,"55":0,"56":0,"57":1,"58":1},"f":{"0":1,"1":1,"2":1,"3":1,"4":0,"5":0,"6":0,"7":0,"8":0,"9":0,"10":0,"11":0,"12":0,"13":0,"14":0},"b":{"0":[0],"1":[0],"2":[1],"3":[0,1],"4":[1,1],"5":[1,0],"6":[0,1],"7":[0,0],"8":[1,0],"9":[0],"10":[0],"11":[0],"12":[0,0],"13":[0,0],"14":[0,0]},"_coverageSchema":"1a1c01bbd47fc00a2c39e90264f33305004495a9","hash":"67ee3bc7f4e8485b18d6a10caa5a2d5c86d51c22"}
}
