TN:
SF:schema.js
FN:67,(anonymous_0)
FNF:1
FNH:0
FNDA:0,(anonymous_0)
DA:1,1
DA:2,1
DA:4,1
DA:25,1
DA:32,1
DA:47,1
DA:57,1
DA:65,1
DA:68,0
DA:69,0
DA:70,0
DA:71,0
DA:73,0
DA:74,0
DA:76,0
DA:77,0
DA:79,0
DA:98,1
LF:18
LH:9
BRDA:76,0,0,0
BRDA:76,0,1,0
BRF:2
BRH:0
end_of_record
TN:
SF:utils\ExpressError.js
FN:2,(anonymous_0)
FNF:1
FNH:1
FNDA:1,(anonymous_0)
DA:3,1
DA:4,1
DA:5,1
DA:8,1
LF:4
LH:4
BRF:0
BRH:0
end_of_record
TN:
SF:utils\constants.js
FNF:0
FNH:0
DA:1,1
DA:17,1
DA:33,1
DA:47,1
DA:61,1
LF:5
LH:5
BRF:0
BRH:0
end_of_record
TN:
SF:utils\review.js
FN:1,getAvgRating
FN:3,(anonymous_1)
FN:7,getStarBreakdown
FNF:3
FNH:2
FNDA:4,getAvgRating
FNDA:3,(anonymous_1)
FNDA:0,getStarBreakdown
DA:2,4
DA:3,3
DA:4,1
DA:8,0
DA:9,0
DA:11,0
DA:12,0
DA:13,0
DA:16,0
DA:19,1
LF:10
LH:4
BRDA:2,0,0,3
BRDA:2,0,1,1
BRDA:2,1,0,4
BRDA:2,1,1,2
BRDA:9,2,0,0
BRDA:9,2,1,0
BRDA:12,3,0,0
BRDA:12,3,1,0
BRF:8
BRH:4
end_of_record
TN:
SF:utils\searchAnalytics.js
FN:8,(anonymous_0)
FN:20,(anonymous_1)
FN:30,(anonymous_2)
FN:42,(anonymous_3)
FN:99,(anonymous_4)
FN:101,(anonymous_5)
FN:103,(anonymous_6)
FN:106,(anonymous_7)
FN:110,(anonymous_8)
FN:129,(anonymous_9)
FN:134,(anonymous_10)
FN:147,(anonymous_11)
FN:149,(anonymous_12)
FN:152,(anonymous_13)
FN:156,(anonymous_14)
FNF:15
FNH:4
FNDA:1,(anonymous_0)
FNDA:1,(anonymous_1)
FNDA:1,(anonymous_2)
FNDA:1,(anonymous_3)
FNDA:0,(anonymous_4)
FNDA:0,(anonymous_5)
FNDA:0,(anonymous_6)
FNDA:0,(anonymous_7)
FNDA:0,(anonymous_8)
FNDA:0,(anonymous_9)
FNDA:0,(anonymous_10)
FNDA:0,(anonymous_11)
FNDA:0,(anonymous_12)
FNDA:0,(anonymous_13)
FNDA:0,(anonymous_14)
DA:4,1
DA:5,1
DA:9,1
DA:10,1
DA:17,1
DA:21,1
DA:22,1
DA:23,0
DA:26,0
DA:31,1
DA:33,1
DA:34,1
DA:36,0
DA:38,0
DA:43,1
DA:45,1
DA:46,1
DA:49,1
DA:52,1
DA:53,1
DA:55,1
DA:58,1
DA:59,0
DA:67,0
DA:68,0
DA:74,1
DA:75,1
DA:82,1
DA:83,1
DA:84,1
DA:87,1
DA:90,1
DA:96,1
DA:100,0
DA:101,0
DA:103,0
DA:107,0
DA:111,0
DA:112,0
DA:114,0
DA:115,0
DA:116,0
DA:117,0
DA:119,0
DA:126,0
DA:130,0
DA:131,0
DA:134,0
DA:135,0
DA:139,0
DA:146,0
DA:147,0
DA:149,0
DA:153,0
DA:157,0
DA:169,1
DA:171,1
LF:57
LH:28
BRDA:42,0,0,0
BRDA:42,1,0,0
BRDA:42,2,0,1
BRDA:43,3,0,0
BRDA:43,3,1,1
BRDA:43,4,0,1
BRDA:43,4,1,1
BRDA:52,5,0,1
BRDA:52,5,1,0
BRDA:58,6,0,0
BRDA:58,6,1,1
BRDA:67,7,0,0
BRDA:67,7,1,0
BRDA:74,8,0,1
BRDA:74,8,1,0
BRDA:99,9,0,0
BRDA:106,10,0,0
BRDA:110,11,0,0
BRDA:119,12,0,0
BRDA:119,12,1,0
BRDA:135,13,0,0
BRDA:135,13,1,0
BRDA:136,14,0,0
BRDA:136,14,1,0
BRF:24
BRH:7
end_of_record
