<?xml version="1.0" encoding="UTF-8"?>
<coverage generated="1785580447126" clover="3.2.0">
  <project timestamp="1785580447126" name="All files">
    <metrics statements="38" coveredstatements="23" conditionals="10" coveredconditionals="4" methods="5" coveredmethods="3" elements="53" coveredelements="30" complexity="0" loc="38" ncloc="38" packages="2" files="4" classes="4"/>
    <package name="Joya-Backend">
      <metrics statements="18" coveredstatements="9" conditionals="2" coveredconditionals="0" methods="1" coveredmethods="0"/>
      <file name="schema.js" path="C:\Users\tejas\Desktop\Joya-React\Joya-Backend\schema.js">
        <metrics statements="18" coveredstatements="9" conditionals="2" coveredconditionals="0" methods="1" coveredmethods="0"/>
        <line num="1" count="1" type="stmt"/>
        <line num="2" count="1" type="stmt"/>
        <line num="4" count="1" type="stmt"/>
        <line num="25" count="1" type="stmt"/>
        <line num="32" count="1" type="stmt"/>
        <line num="47" count="1" type="stmt"/>
        <line num="57" count="1" type="stmt"/>
        <line num="65" count="1" type="stmt"/>
        <line num="68" count="0" type="stmt"/>
        <line num="69" count="0" type="stmt"/>
        <line num="70" count="0" type="stmt"/>
        <line num="71" count="0" type="stmt"/>
        <line num="73" count="0" type="stmt"/>
        <line num="74" count="0" type="stmt"/>
        <line num="76" count="0" type="cond" truecount="0" falsecount="2"/>
        <line num="77" count="0" type="stmt"/>
        <line num="79" count="0" type="stmt"/>
        <line num="98" count="1" type="stmt"/>
      </file>
    </package>
    <package name="Joya-Backend.utils">
      <metrics statements="20" coveredstatements="14" conditionals="8" coveredconditionals="4" methods="4" coveredmethods="3"/>
      <file name="ExpressError.js" path="C:\Users\tejas\Desktop\Joya-React\Joya-Backend\utils\ExpressError.js">
        <metrics statements="5" coveredstatements="5" conditionals="0" coveredconditionals="0" methods="1" coveredmethods="1"/>
        <line num="3" count="1" type="stmt"/>
        <line num="4" count="1" type="stmt"/>
        <line num="5" count="1" type="stmt"/>
        <line num="6" count="1" type="stmt"/>
        <line num="9" count="1" type="stmt"/>
      </file>
      <file name="constants.js" path="C:\Users\tejas\Desktop\Joya-React\Joya-Backend\utils\constants.js">
        <metrics statements="5" coveredstatements="5" conditionals="0" coveredconditionals="0" methods="0" coveredmethods="0"/>
        <line num="1" count="1" type="stmt"/>
        <line num="17" count="1" type="stmt"/>
        <line num="33" count="1" type="stmt"/>
        <line num="47" count="1" type="stmt"/>
        <line num="61" count="1" type="stmt"/>
      </file>
      <file name="review.js" path="C:\Users\tejas\Desktop\Joya-React\Joya-Backend\utils\review.js">
        <metrics statements="10" coveredstatements="4" conditionals="8" coveredconditionals="4" methods="3" coveredmethods="2"/>
        <line num="2" count="4" type="cond" truecount="4" falsecount="0"/>
        <line num="3" count="3" type="stmt"/>
        <line num="4" count="1" type="stmt"/>
        <line num="8" count="0" type="stmt"/>
        <line num="9" count="0" type="cond" truecount="0" falsecount="2"/>
        <line num="11" count="0" type="stmt"/>
        <line num="12" count="0" type="cond" truecount="0" falsecount="2"/>
        <line num="13" count="0" type="stmt"/>
        <line num="16" count="0" type="stmt"/>
        <line num="19" count="1" type="stmt"/>
      </file>
    </package>
  </project>
</coverage>
