{"C:\\Users\\tejas\\Desktop\\Joya-React\\Joya-Replica\\schema.js": {"path":"C:\\Users\\tejas\\Desktop\\Joya-React\\Joya-Replica\\schema.js","statementMap":{"0":{"start":{"line":1,"column":12},"end":{"line":1,"column":26}},"1":{"start":{"line":2,"column":41},"end":{"line":2,"column":69}},"2":{"start":{"line":4,"column":0},"end":{"line":23,"column":3}},"3":{"start":{"line":25,"column":0},"end":{"line":30,"column":3}},"4":{"start":{"line":32,"column":0},"end":{"line":45,"column":3}},"5":{"start":{"line":47,"column":0},"end":{"line":55,"column":3}},"6":{"start":{"line":57,"column":0},"end":{"line":63,"column":3}},"7":{"start":{"line":65,"column":0},"end":{"line":96,"column":3}},"8":{"start":{"line":68,"column":20},"end":{"line":68,"column":30}},"9":{"start":{"line":69,"column":6},"end":{"line":69,"column":33}},"10":{"start":{"line":70,"column":23},"end":{"line":70,"column":38}},"11":{"start":{"line":71,"column":6},"end":{"line":71,"column":47}},"12":{"start":{"line":73,"column":26},"end":{"line":73,"column":41}},"13":{"start":{"line":74,"column":6},"end":{"line":74,"column":39}},"14":{"start":{"line":76,"column":6},"end":{"line":78,"column":7}},"15":{"start":{"line":77,"column":8},"end":{"line":77,"column":41}},"16":{"start":{"line":79,"column":6},"end":{"line":79,"column":19}},"17":{"start":{"line":98,"column":0},"end":{"line":118,"column":3}}},"fnMap":{"0":{"name":"(anonymous_0)","decl":{"start":{"line":67,"column":12},"end":{"line":67,"column":13}},"loc":{"start":{"line":67,"column":32},"end":{"line":80,"column":5}},"line":67}},"branchMap":{"0":{"loc":{"start":{"line":76,"column":6},"end":{"line":78,"column":7}},"type":"if","locations":[{"start":{"line":76,"column":6},"end":{"line":78,"column":7}},{"start":{},"end":{}}],"line":76}},"s":{"0":1,"1":1,"2":1,"3":1,"4":1,"5":1,"6":1,"7":1,"8":0,"9":0,"10":0,"11":0,"12":0,"13":0,"14":0,"15":0,"16":0,"17":1},"f":{"0":0},"b":{"0":[0,0]},"_coverageSchema":"1a1c01bbd47fc00a2c39e90264f33305004495a9","hash":"fd189ecd46cfabde283deec1adcdfdbd571f73df"}
,"C:\\Users\\tejas\\Desktop\\Joya-React\\Joya-Replica\\utils\\ExpressError.js": {"path":"C:\\Users\\tejas\\Desktop\\Joya-React\\Joya-Replica\\utils\\ExpressError.js","statementMap":{"0":{"start":{"line":3,"column":8},"end":{"line":3,"column":16}},"1":{"start":{"line":4,"column":8},"end":{"line":4,"column":37}},"2":{"start":{"line":5,"column":8},"end":{"line":5,"column":31}},"3":{"start":{"line":6,"column":8},"end":{"line":6,"column":29}},"4":{"start":{"line":9,"column":0},"end":{"line":9,"column":30}}},"fnMap":{"0":{"name":"(anonymous_0)","decl":{"start":{"line":2,"column":4},"end":{"line":2,"column":5}},"loc":{"start":{"line":2,"column":37},"end":{"line":7,"column":5}},"line":2}},"branchMap":{},"s":{"0":1,"1":1,"2":1,"3":1,"4":1},"f":{"0":1},"b":{},"_coverageSchema":"1a1c01bbd47fc00a2c39e90264f33305004495a9","hash":"7688699527133402aae0934f27c922dd675eabfb"}
,"C:\\Users\\tejas\\Desktop\\Joya-React\\Joya-Replica\\utils\\constants.js": {"path":"C:\\Users\\tejas\\Desktop\\Joya-React\\Joya-Replica\\utils\\constants.js","statementMap":{"0":{"start":{"line":1,"column":0},"end":{"line":15,"column":2}},"1":{"start":{"line":17,"column":22},"end":{"line":31,"column":1}},"2":{"start":{"line":33,"column":21},"end":{"line":45,"column":1}},"3":{"start":{"line":47,"column":22},"end":{"line":58,"column":1}},"4":{"start":{"line":61,"column":0},"end":{"line":66,"column":2}}},"fnMap":{},"branchMap":{},"s":{"0":1,"1":1,"2":1,"3":1,"4":1},"f":{},"b":{},"_coverageSchema":"1a1c01bbd47fc00a2c39e90264f33305004495a9","hash":"a303724e3e53df6c7e90f32887f9e14f683c33b4"}
,"C:\\Users\\tejas\\Desktop\\Joya-React\\Joya-Replica\\utils\\review.js": {"path":"C:\\Users\\tejas\\Desktop\\Joya-React\\Joya-Replica\\utils\\review.js","statementMap":{"0":{"start":{"line":2,"column":2},"end":{"line":2,"column":49}},"1":{"start":{"line":2,"column":40},"end":{"line":2,"column":49}},"2":{"start":{"line":3,"column":16},"end":{"line":3,"column":61}},"3":{"start":{"line":3,"column":43},"end":{"line":3,"column":57}},"4":{"start":{"line":4,"column":2},"end":{"line":4,"column":32}},"5":{"start":{"line":8,"column":20},"end":{"line":8,"column":52}},"6":{"start":{"line":9,"column":2},"end":{"line":9,"column":33}},"7":{"start":{"line":9,"column":16},"end":{"line":9,"column":33}},"8":{"start":{"line":11,"column":2},"end":{"line":15,"column":3}},"9":{"start":{"line":12,"column":4},"end":{"line":14,"column":5}},"10":{"start":{"line":13,"column":6},"end":{"line":13,"column":33}},"11":{"start":{"line":16,"column":2},"end":{"line":16,"column":19}},"12":{"start":{"line":19,"column":0},"end":{"line":22,"column":2}}},"fnMap":{"0":{"name":"getAvgRating","decl":{"start":{"line":1,"column":9},"end":{"line":1,"column":21}},"loc":{"start":{"line":1,"column":31},"end":{"line":5,"column":1}},"line":1},"1":{"name":"(anonymous_1)","decl":{"start":{"line":3,"column":31},"end":{"line":3,"column":32}},"loc":{"start":{"line":3,"column":43},"end":{"line":3,"column":57}},"line":3},"2":{"name":"getStarBreakdown","decl":{"start":{"line":7,"column":9},"end":{"line":7,"column":25}},"loc":{"start":{"line":7,"column":35},"end":{"line":17,"column":1}},"line":7}},"branchMap":{"0":{"loc":{"start":{"line":2,"column":2},"end":{"line":2,"column":49}},"type":"if","locations":[{"start":{"line":2,"column":2},"end":{"line":2,"column":49}},{"start":{},"end":{}}],"line":2},"1":{"loc":{"start":{"line":2,"column":6},"end":{"line":2,"column":38}},"type":"binary-expr","locations":[{"start":{"line":2,"column":6},"end":{"line":2,"column":14}},{"start":{"line":2,"column":18},"end":{"line":2,"column":38}}],"line":2},"2":{"loc":{"start":{"line":9,"column":2},"end":{"line":9,"column":33}},"type":"if","locations":[{"start":{"line":9,"column":2},"end":{"line":9,"column":33}},{"start":{},"end":{}}],"line":9},"3":{"loc":{"start":{"line":12,"column":4},"end":{"line":14,"column":5}},"type":"if","locations":[{"start":{"line":12,"column":4},"end":{"line":14,"column":5}},{"start":{},"end":{}}],"line":12}},"s":{"0":4,"1":3,"2":1,"3":3,"4":1,"5":0,"6":0,"7":0,"8":0,"9":0,"10":0,"11":0,"12":1},"f":{"0":4,"1":3,"2":0},"b":{"0":[3,1],"1":[4,2],"2":[0,0],"3":[0,0]},"_coverageSchema":"1a1c01bbd47fc00a2c39e90264f33305004495a9","hash":"c886dccb71403dc65c8ea8bfd4b5e143f43a8143"}
}
