TN:
SF:schema.js
FN:67,(anonymous_0)
FNF:1
FNH:0
FNDA:0,(anonymous_0)
DA:1,1
DA:2,1
DA:4,1
DA:25,1
DA:32,1
DA:47,1
DA:57,1
DA:65,1
DA:68,0
DA:69,0
DA:70,0
DA:71,0
DA:73,0
DA:74,0
DA:76,0
DA:77,0
DA:79,0
DA:98,1
LF:18
LH:9
BRDA:76,0,0,0
BRDA:76,0,1,0
BRF:2
BRH:0
end_of_record
TN:
SF:utils\ExpressError.js
FN:2,(anonymous_0)
FNF:1
FNH:1
FNDA:1,(anonymous_0)
DA:3,1
DA:4,1
DA:5,1
DA:6,1
DA:9,1
LF:5
LH:5
BRF:0
BRH:0
end_of_record
TN:
SF:utils\constants.js
FNF:0
FNH:0
DA:1,1
DA:17,1
DA:33,1
DA:47,1
DA:61,1
LF:5
LH:5
BRF:0
BRH:0
end_of_record
TN:
SF:utils\review.js
FN:1,getAvgRating
FN:3,(anonymous_1)
FN:7,getStarBreakdown
FNF:3
FNH:2
FNDA:4,getAvgRating
FNDA:3,(anonymous_1)
FNDA:0,getStarBreakdown
DA:2,4
DA:3,3
DA:4,1
DA:8,0
DA:9,0
DA:11,0
DA:12,0
DA:13,0
DA:16,0
DA:19,1
LF:10
LH:4
BRDA:2,0,0,3
BRDA:2,0,1,1
BRDA:2,1,0,4
BRDA:2,1,1,2
BRDA:9,2,0,0
BRDA:9,2,1,0
BRDA:12,3,0,0
BRDA:12,3,1,0
BRF:8
BRH:4
end_of_record
